<?xml version="1.0" encoding="UTF-8"?>
<testng-results ignored="0" total="4" passed="4" failed="0" skipped="0">
  <reporter-output>
  </reporter-output>
  <suite started-at="2023-09-12T16:17:15 AST" name="amazonregressionsuite" finished-at="2023-09-12T16:17:27 AST" duration-ms="12062">
    <groups>
    </groups>
    <test started-at="2023-09-12T16:17:15 AST" name="Test" finished-at="2023-09-12T16:17:27 AST" duration-ms="12062">
      <class name="tests.SearchResultTest">
        <test-method signature="TestSearchResult()[pri:1, instance:tests.SearchResultTest@2a265ea9]" started-at="2023-09-12T16:17:21 AST" name="TestSearchResult" finished-at="2023-09-12T16:17:25 AST" duration-ms="4427" status="PASS">
          <reporter-output>
          </reporter-output>
        </test-method> <!-- TestSearchResult -->
        <test-method signature="shoppingcarttest()[pri:2, instance:tests.SearchResultTest@2a265ea9]" started-at="2023-09-12T16:17:25 AST" name="shoppingcarttest" finished-at="2023-09-12T16:17:27 AST" duration-ms="2150" status="PASS">
          <reporter-output>
          </reporter-output>
        </test-method> <!-- shoppingcarttest -->
      </class> <!-- tests.SearchResultTest -->
      <class name="tests.UserLoginTest">
        <test-method is-config="true" signature="SetupEnviroment(java.lang.String)[pri:0, instance:tests.UserLoginTest@46cdf8bd]" started-at="2023-09-12T16:17:11 AST" name="SetupEnviroment" finished-at="2023-09-12T16:17:15 AST" duration-ms="4386" status="PASS">
          <params>
            <param index="0">
              <value>
                <![CDATA[chrome]]>
              </value>
            </param>
          </params>
          <reporter-output>
          </reporter-output>
        </test-method> <!-- SetupEnviroment -->
        <test-method signature="UserLoginSuccessfully()[pri:0, instance:tests.UserLoginTest@46cdf8bd]" started-at="2023-09-12T16:17:15 AST" name="UserLoginSuccessfully" finished-at="2023-09-12T16:17:19 AST" duration-ms="3608" status="PASS">
          <reporter-output>
          </reporter-output>
        </test-method> <!-- UserLoginSuccessfully -->
        <test-method is-config="true" signature="CleanUpEnviroment()[pri:0, instance:tests.UserLoginTest@46cdf8bd]" started-at="2023-09-12T16:17:27 AST" name="CleanUpEnviroment" finished-at="2023-09-12T16:17:28 AST" duration-ms="246" status="PASS">
          <reporter-output>
          </reporter-output>
        </test-method> <!-- CleanUpEnviroment -->
      </class> <!-- tests.UserLoginTest -->
      <class name="tests.SearchTest">
        <test-method signature="UserCanSearch()[pri:0, instance:tests.SearchTest@6d4d66d2]" started-at="2023-09-12T16:17:19 AST" name="UserCanSearch" finished-at="2023-09-12T16:17:21 AST" duration-ms="1842" status="PASS">
          <reporter-output>
          </reporter-output>
        </test-method> <!-- UserCanSearch -->
      </class> <!-- tests.SearchTest -->
    </test> <!-- Test -->
  </suite> <!-- amazonregressionsuite -->
</testng-results>
