<?xml version="1.0" encoding="UTF-8"?>
<!-- Generated by org.testng.reporters.JUnitXMLReporter -->
<testsuite ignored="4" hostname="DESKTOP-D6Q23KC" failures="0" tests="4" name="Test" time="12.062" errors="0" timestamp="2023-09-12T16:17:27 AST">
  <testcase classname="tests.UserLoginTest" name="UserLoginSuccessfully" time="3.608"/>
  <testcase classname="tests.SearchTest" name="UserCanSearch" time="1.842"/>
  <testcase classname="tests.SearchResultTest" name="TestSearchResult" time="4.427"/>
  <testcase classname="tests.SearchResultTest" name="shoppingcarttest" time="2.15"/>
  <testcase classname="tests.TestBase" name="@AfterSuite CleanUpEnviroment" time="0.0">
    <ignored/>
  </testcase> <!-- @AfterSuite CleanUpEnviroment -->
  <testcase classname="tests.TestBase" name="@BeforeSuite SetupEnviroment" time="0.0">
    <ignored/>
  </testcase> <!-- @BeforeSuite SetupEnviroment -->
  <testcase classname="tests.TestBase" name="@BeforeSuite SetupEnviroment" time="0.0">
    <ignored/>
  </testcase> <!-- @BeforeSuite SetupEnviroment -->
  <testcase classname="tests.TestBase" name="@AfterSuite CleanUpEnviroment" time="0.0">
    <ignored/>
  </testcase> <!-- @AfterSuite CleanUpEnviroment -->
</testsuite> <!-- Test -->
